<?xml version="1.0" encoding="UTF-8"?>
<!-- Generated by org.testng.reporters.JUnitXMLReporter -->
<testsuite hostname="Pradhu-PC" ignored="0" name="Command line test" tests="10" failures="2" timestamp="26 Jun 2019 13:44:59 GMT" time="236.217" errors="0">
  <testcase name="verifyContactsPageLabel" time="0.621" classname="com.crm.wa.testcases.ContactsPageTest">
    <failure type="java.lang.AssertionError" message="CRM expected [CRM] but found [Home Page Title not matched]">
      <![CDATA[java.lang.AssertionError: CRM expected [CRM] but found [Home Page Title not matched]
	at com.crm.wa.testcases.ContactsPageTest.verifyContactsPageLabel(ContactsPageTest.java:44)
... Removed 40 stack frames]]>
    </failure>
  </testcase> <!-- verifyContactsPageLabel -->
  <testcase name="verifyHomePageTitleTest" time="0.024" classname="com.crm.wa.testcases.HomePageTest">
    <failure type="java.lang.AssertionError" message="CRM expected [CRM] but found [Home Page Title not matched]">
      <![CDATA[java.lang.AssertionError: CRM expected [CRM] but found [Home Page Title not matched]
	at com.crm.wa.testcases.HomePageTest.verifyHomePageTitleTest(HomePageTest.java:40)
... Removed 40 stack frames]]>
    </failure>
  </testcase> <!-- verifyHomePageTitleTest -->
  <testcase name="loginPgeTtleTest" time="0.732" classname="com.crm.wa.testcases.LoginPageTest"/>
  <testcase name="verifyUserNameTest" time="3.215" classname="com.crm.wa.testcases.HomePageTest"/>
  <testcase name="crmLogoImageTest" time="0.66" classname="com.crm.wa.testcases.LoginPageTest"/>
  <testcase name="validateCreateNeContact" time="0.0" classname="com.crm.wa.testcases.ContactsPageTest">
    <skipped/>
  </testcase> <!-- validateCreateNeContact -->
  <testcase name="verifyContactsLinkTest" time="7.757" classname="com.crm.wa.testcases.HomePageTest"/>
  <testcase name="loginTest" time="13.273" classname="com.crm.wa.testcases.LoginPageTest"/>
  <testcase name="verifyDelasLinkTest" time="3.75" classname="com.crm.wa.testcases.HomePageTest"/>
  <testcase name="verifyTasksPageLinkTest" time="5.069" classname="com.crm.wa.testcases.HomePageTest"/>
</testsuite> <!-- Command line test -->
